16:44:08,349  INFO Util:27 - ----conectar banco - lendo arquivo de propriedades 
16:44:08,354  INFO Util:34 - sgbd => postgresql
16:44:08,354  INFO Util:35 - banco => pob
16:44:08,354  INFO Util:36 - ip => localhost
16:44:08,355  INFO Util:41 - ----configurando postgresql
16:44:08,386 DEBUG logging:38 - Logging Provider: org.jboss.logging.Log4jLoggerProvider
16:44:08,505  INFO LogHelper:31 - HHH000204: Processing PersistenceUnitInfo [name: hibernate-postgresql]
16:44:08,562  INFO Version:44 - HHH000412: Hibernate ORM core version 6.6.5.Final
16:44:08,598 DEBUG RegionFactoryInitiator:122 - Cannot default RegionFactory based on registered strategies as `[]` RegionFactory strategies were registered
16:44:08,598  INFO RegionFactoryInitiator:50 - HHH000026: Second-level cache disabled
16:44:08,936  WARN pooling:86 - HHH10001002: Using built-in connection pool (not intended for production use)
16:44:09,482  INFO pooling:157 - HHH10001005: Database info:
	Database JDBC URL [jdbc:postgresql://localhost:5432/pob]
	Database driver: org.postgresql.Driver
	Database version: 16.7
	Autocommit mode: false
	Isolation level: undefined/unknown
	Minimum pool size: 1
	Maximum pool size: 20
16:44:10,830  INFO JtaPlatformInitiator:59 - HHH000489: No JTA platform available (set 'hibernate.transaction.jta.platform' to enable JTA platform integration)
16:44:10,857  INFO access:52 - HHH10001501: Connection obtained from JdbcConnectionAccess [org.hibernate.engine.jdbc.env.internal.JdbcEnvironmentInitiator$ConnectionProviderJdbcConnectionAccess@ecf7133] for (non-JTA) DDL execution was not in auto-commit mode; the Connection 'local transaction' will be committed and the Connection will be set into auto-commit mode.
16:44:15,164 DEBUG SQL:135 - select e1_0.id,e2_0.entregador_id,e2_0.id,e2_0.codigoEntrega,e2_0.dataEntrega,e2_0.endereco,e1_0.nome from entregador_20231370020 e1_0 left join entrega_20231370020 e2_0 on e1_0.id=e2_0.entregador_id where (select count(*) from entrega_20231370020 e3_0 where e1_0.id=e3_0.entregador_id)>?
16:44:15,165 TRACE bind:24 - binding parameter (1:INTEGER) <- [1]
16:44:37,644 DEBUG SQL:135 - select e1_0.id,e1_0.codigoEntrega,e1_0.dataEntrega,e1_0.endereco,e1_0.entregador_id from entrega_20231370020 e1_0 where e1_0.dataEntrega=?
16:44:37,645 TRACE bind:24 - binding parameter (1:DATE) <- [2025-03-14]
16:44:37,667 DEBUG SQL:135 - select e1_0.id,e1_0.nome from entregador_20231370020 e1_0 where e1_0.id=?
16:44:37,668 TRACE bind:24 - binding parameter (1:INTEGER) <- [1]
16:44:37,673 DEBUG SQL:135 - select p1_0.entrega_id,p1_0.id,p1_0.codigoPedido,p1_0.dataPedido,p1_0.descricao,p1_0.valor from pedido_20231370020 p1_0 where p1_0.entrega_id=?
16:44:37,674 TRACE bind:24 - binding parameter (1:INTEGER) <- [1]
16:44:37,683 DEBUG SQL:135 - select e1_0.id,e1_0.nome from entregador_20231370020 e1_0 where e1_0.id=?
16:44:37,684 TRACE bind:24 - binding parameter (1:INTEGER) <- [3]
16:44:37,685 DEBUG SQL:135 - select p1_0.entrega_id,p1_0.id,p1_0.codigoPedido,p1_0.dataPedido,p1_0.descricao,p1_0.valor from pedido_20231370020 p1_0 where p1_0.entrega_id=?
16:44:37,686 TRACE bind:24 - binding parameter (1:INTEGER) <- [2]
16:44:37,687 DEBUG SQL:135 - select e1_0.id,e1_0.nome from entregador_20231370020 e1_0 where e1_0.id=?
16:44:37,688 TRACE bind:24 - binding parameter (1:INTEGER) <- [4]
16:44:37,689 DEBUG SQL:135 - select p1_0.entrega_id,p1_0.id,p1_0.codigoPedido,p1_0.dataPedido,p1_0.descricao,p1_0.valor from pedido_20231370020 p1_0 where p1_0.entrega_id=?
16:44:37,690 TRACE bind:24 - binding parameter (1:INTEGER) <- [3]
16:44:37,692 DEBUG SQL:135 - select e1_0.id,e1_0.nome from entregador_20231370020 e1_0 where e1_0.id=?
16:44:37,692 TRACE bind:24 - binding parameter (1:INTEGER) <- [5]
16:44:37,694 DEBUG SQL:135 - select p1_0.entrega_id,p1_0.id,p1_0.codigoPedido,p1_0.dataPedido,p1_0.descricao,p1_0.valor from pedido_20231370020 p1_0 where p1_0.entrega_id=?
16:44:37,695 TRACE bind:24 - binding parameter (1:INTEGER) <- [5]
16:44:37,696 DEBUG SQL:135 - select e1_0.id,e1_0.nome from entregador_20231370020 e1_0 where e1_0.id=?
16:44:37,697 TRACE bind:24 - binding parameter (1:INTEGER) <- [8]
16:44:37,699 DEBUG SQL:135 - select p1_0.entrega_id,p1_0.id,p1_0.codigoPedido,p1_0.dataPedido,p1_0.descricao,p1_0.valor from pedido_20231370020 p1_0 where p1_0.entrega_id=?
16:44:37,699 TRACE bind:24 - binding parameter (1:INTEGER) <- [6]
16:44:37,701 DEBUG SQL:135 - select p1_0.entrega_id,p1_0.id,p1_0.codigoPedido,p1_0.dataPedido,p1_0.descricao,p1_0.valor from pedido_20231370020 p1_0 where p1_0.entrega_id=?
16:44:37,701 TRACE bind:24 - binding parameter (1:INTEGER) <- [7]
16:44:37,703 DEBUG SQL:135 - select p1_0.entrega_id,p1_0.id,p1_0.codigoPedido,p1_0.dataPedido,p1_0.descricao,p1_0.valor from pedido_20231370020 p1_0 where p1_0.entrega_id=?
16:44:37,703 TRACE bind:24 - binding parameter (1:INTEGER) <- [8]
16:44:37,705 DEBUG SQL:135 - select e1_0.id,e1_0.nome from entregador_20231370020 e1_0 where e1_0.id=?
16:44:37,705 TRACE bind:24 - binding parameter (1:INTEGER) <- [2]
16:44:37,706 DEBUG SQL:135 - select p1_0.entrega_id,p1_0.id,p1_0.codigoPedido,p1_0.dataPedido,p1_0.descricao,p1_0.valor from pedido_20231370020 p1_0 where p1_0.entrega_id=?
16:44:37,707 TRACE bind:24 - binding parameter (1:INTEGER) <- [9]
16:44:59,000  INFO Util:70 - ----desconectar banco
